Arguments: 
  /home/felipe/.nvm/versions/node/v8.9.0/bin/node /usr/share/yarn/bin/yarn.js install

PATH: 
  /home/felipe/.local/share/umake/bin:/home/felipe/bin:/home/felipe/.local/bin:/home/felipe/.nvm/versions/node/v8.9.0/bin:/home/felipe/.rbenv/shims:/home/felipe/.rbenv/bin:/home/felipe/.pyenv/plugins/pyenv-virtualenv/shims:/home/felipe/.pyenv/shims:/home/felipe/.pyenv/bin:/home/felipe/.local/share/umake/bin:/home/felipe/bin:/home/felipe/.local/bin:/usr/local/sbin:/usr/local/bin:/usr/sbin:/usr/bin:/sbin:/bin:/usr/games:/usr/local/games:/snap/bin:/home/felipe/.rvm/bin:/snap/bin:/home/felipe/.rvm/bin

Yarn version: 
  1.5.1

Node version: 
  8.9.0

Platform: 
  linux x64

npm manifest: 
  {
    "name": "gatsby-starter-blog",
    "description": "Starter Gatsby Blog",
    "version": "1.0.0",
    "author": "Kyle Mathews <mathews.kyle@gmail.com>",
    "bugs": {
      "url": "https://github.com/gatsbyjs/gatsby-starter-blog/issues"
    },
    "dependencies": {
      "gatsby": "^1.9.232",
      "gatsby-link": "^1.6.39",
      "gatsby-plugin-feed": "^1.3.20",
      "gatsby-plugin-google-analytics": "^1.0.22",
      "gatsby-plugin-offline": "^1.0.15",
      "gatsby-plugin-react-helmet": "^1.0.8",
      "gatsby-plugin-sharp": "^1.6.41",
      "gatsby-plugin-typography": "^1.7.18",
      "gatsby-remark-copy-linked-files": "^1.5.30",
      "gatsby-remark-images": "^1.5.56",
      "gatsby-remark-prismjs": "^1.2.18",
      "gatsby-remark-responsive-iframe": "^1.4.18",
      "gatsby-remark-smartypants": "^1.4.12",
      "gatsby-source-filesystem": "^1.5.27",
      "gatsby-transformer-remark": "^1.7.36",
      "gatsby-transformer-sharp": "^1.6.22",
      "lodash": "^4.17.5",
      "react-responsive-grid": "^0.3.4",
      "typeface-merriweather": "0.0.43",
      "typeface-montserrat": "0.0.43",
      "typography-theme-wordpress-2016": "^0.15.10"
    },
    "devDependencies": {
      "eslint": "^4.18.2",
      "eslint-plugin-react": "^7.7.0",
      "gh-pages": "^1.1.0",
      "prettier": "^1.11.1"
    },
    "homepage": "https://github.com/gatsbyjs/gatsby-starter-blog#readme",
    "keywords": [
      "gatsby"
    ],
    "license": "MIT",
    "main": "n/a",
    "repository": {
      "type": "git",
      "url": "git+https://github.com/gatsbyjs/gatsby-starter-blog.git"
    },
    "scripts": {
      "dev": "gatsby develop",
      "lint": "./node_modules/.bin/eslint --ext .js,.jsx --ignore-pattern public .",
      "test": "echo \"Error: no test specified\" && exit 1",
      "format": "prettier --trailing-comma es5 --no-semi --single-quote --write 'src/**/*.js' 'src/**/*.md'",
      "develop": "gatsby develop",
      "build": "gatsby build",
      "deploy": "gatsby build --prefix-paths && gh-pages -d public",
      "fix-semi": "eslint --quiet --ignore-pattern node_modules --ignore-pattern public --parser babel-eslint --no-eslintrc --rule '{\"semi\": [2, \"never\"], \"no-extra-semi\": [2]}' --fix gatsby-node.js"
    }
  }

yarn manifest: 
  No manifest

Lockfile: 
  No lockfile

Trace: 
  Error: /home/felipe/projects/gatsby-blog/node_modules/pngquant-bin: Command failed.
  Exit code: 1
  Command: sh
  Arguments: -c node lib/install.js
  Directory: /home/felipe/projects/gatsby-blog/node_modules/pngquant-bin
  Output:
  ⚠ The `/home/felipe/projects/gatsby-blog/node_modules/pngquant-bin/vendor/pngquant` binary doesn't seem to work correctly
    ⚠ pngquant pre-build test failed
    ℹ compiling from source
    ✔ pngquant pre-build test passed successfully
    ✖ Error: pngquant failed to build, make sure that libpng-dev is installed
      at Promise.all.then.arr (/home/felipe/projects/gatsby-blog/node_modules/pngquant-bin/node_modules/bin-build/node_modules/execa/index.js:231:11)
      at <anonymous>
      at process._tickCallback (internal/process/next_tick.js:188:7)
      at ProcessTermError.MessageError (/usr/share/yarn/lib/cli.js:186:110)
      at new ProcessTermError (/usr/share/yarn/lib/cli.js:226:113)
      at ChildProcess.<anonymous> (/usr/share/yarn/lib/cli.js:30281:17)
      at emitTwo (events.js:126:13)
      at ChildProcess.emit (events.js:214:7)
      at maybeClose (internal/child_process.js:925:16)
      at Process.ChildProcess._handle.onexit (internal/child_process.js:209:5)
